2025.08.24 22:21:52 INFO  Started: Metals version 1.6.2 in folders 'C:\Users\thomas.pearson\Documents\SWE\complex-processes-2025-alexis-philip-thomas' for client Visual Studio Code 1.103.2.
Aug 24, 2025 10:21:53 PM org.eclipse.lsp4j.jsonrpc.RemoteEndpoint handleNotification
WARNING: Notification threw an exception: {
  "jsonrpc": "2.0",
  "method": "textDocument/didOpen",
  "params": {
    "textDocument": {
      "uri": "file:///c%3A/Users/thomas.pearson/Documents/SWE/complex-processes-2025-alexis-philip-thomas/hello.scala",
      "languageId": "scala",
      "version": 1,
      "text": "// imports\r\nimport scala.io.StdIn.readLine\r\nimport scala.collection.mutable.ListBuffer\r\n\r\n// Description of Files \u0026 Folders\r\ntrait FolderDetails {\r\n    var name: String\r\n    var size: Int\r\n}\r\n\r\ntrait FileDetails {\r\n    var name: String\r\n    var size: Int\r\n}\r\n\r\n// Classes - Files \u0026 Folders\r\nclass Folder(var name: String, var size: Int) extends FolderDetails {\r\n    override def toString \u003d s\"$name/   (dir - $size KB)\"\r\n}\r\n\r\nclass File(var name: String, var size: Int) extends FileDetails {\r\n    override def toString \u003d s\"$name    $size KB\"\r\n}\r\n\r\n// Terminal\r\nobject FileSystem\r\n    def main(args: Array[String]): Unit \u003d {\r\n        val content \u003d ListBuffer[Any]()\r\n        content +\u003d (Folder(\"MyFolder\", 1))\r\n        content +\u003d (File(\"README.txt\", 1))\r\n        var input: String \u003d \"\"\r\n        while (input !\u003d \"end\") {\r\n            println(\"Enter your command (Enter end to quit): \")\r\n            var input \u003d readLine()\r\n            if (input \u003d\u003d \"ls\") {\r\n                println(s\"$content\")\r\n            }\r\n            if (input \u003d\u003d \"end\") {\r\n                println(\"Ending task\")\r\n                System.exit(0)\r\n                }\r\n            }\r\n        }"
    }
  }
}
java.lang.IllegalStateException: An unexpected exception occurred while executing jsonrpc method public abstract java.util.concurrent.CompletableFuture scala.meta.metals.lsp.TextDocumentService.didOpen(org.eclipse.lsp4j.DidOpenTextDocumentParams)
	at org.eclipse.lsp4j.jsonrpc.services.GenericEndpoint.lambda$recursiveFindRpcMethods$0(GenericEndpoint.java:73)
	at org.eclipse.lsp4j.jsonrpc.services.GenericEndpoint.notify(GenericEndpoint.java:160)
	at org.eclipse.lsp4j.jsonrpc.RemoteEndpoint.handleNotification(RemoteEndpoint.java:231)
	at org.eclipse.lsp4j.jsonrpc.RemoteEndpoint.consume(RemoteEndpoint.java:198)
	at org.eclipse.lsp4j.jsonrpc.json.StreamMessageProducer.handleMessage(StreamMessageProducer.java:185)
	at org.eclipse.lsp4j.jsonrpc.json.StreamMessageProducer.listen(StreamMessageProducer.java:97)
	at org.eclipse.lsp4j.jsonrpc.json.ConcurrentMessageProcessor.run(ConcurrentMessageProcessor.java:114)
	at java.base/java.util.concurrent.Executors$RunnableAdapter.call(Executors.java:545)
	at java.base/java.util.concurrent.FutureTask.run(FutureTask.java:328)
	at java.base/java.util.concurrent.ThreadPoolExecutor.runWorker(ThreadPoolExecutor.java:1095)
	at java.base/java.util.concurrent.ThreadPoolExecutor$Worker.run(ThreadPoolExecutor.java:619)
	at java.base/java.lang.Thread.run(Thread.java:1447)
Caused by: java.nio.file.NoSuchFileException: c:\Users\thomas.pearson\Documents\SWE\complex-processes-2025-alexis-philip-thomas\hello.scala
	at java.base/sun.nio.fs.WindowsException.translateToIOException(WindowsException.java:85)
	at java.base/sun.nio.fs.WindowsException.rethrowAsIOException(WindowsException.java:103)
	at java.base/sun.nio.fs.WindowsException.rethrowAsIOException(WindowsException.java:108)
	at java.base/sun.nio.fs.WindowsFileSystemProvider.newByteChannel(WindowsFileSystemProvider.java:231)
	at java.base/java.nio.file.Files.newByteChannel(Files.java:357)
	at java.base/java.nio.file.Files.newByteChannel(Files.java:399)
	at java.base/java.nio.file.Files.readAllBytes(Files.java:2970)
	at scala.meta.internal.io.PlatformFileIO$.slurp(PlatformFileIO.scala:42)
	at scala.meta.internal.io.FileIO$.slurp(FileIO.scala:18)
	at scala.meta.internal.metals.MetalsLspService.didOpen(MetalsLspService.scala:743)
	at scala.meta.internal.metals.WorkspaceLspService.didOpen(WorkspaceLspService.scala:469)
	at scala.meta.metals.lsp.DelegatingScalaService.didOpen(DelegatingScalaService.scala:38)
	at java.base/jdk.internal.reflect.DirectMethodHandleAccessor.invoke(DirectMethodHandleAccessor.java:104)
	at java.base/java.lang.reflect.Method.invoke(Method.java:565)
	at org.eclipse.lsp4j.jsonrpc.services.GenericEndpoint.lambda$recursiveFindRpcMethods$0(GenericEndpoint.java:65)
	... 11 more

2025.08.24 22:21:53 INFO  no build target found for c:\Users\thomas.pearson\Documents\SWE\complex-processes-2025-alexis-philip-thomas\hello.scala. Using presentation compiler with project's scala-library version: 3.3.6
Aug 24, 2025 10:21:55 PM org.eclipse.lsp4j.jsonrpc.services.GenericEndpoint notify
INFO: Unsupported notification method: $/setTrace
Aug 24, 2025 10:21:55 PM org.eclipse.lsp4j.jsonrpc.RemoteEndpoint fallbackResponseError
SEVERE: Internal error: java.util.NoSuchElementException: BatchedFunction
java.util.concurrent.CompletionException: java.util.NoSuchElementException: BatchedFunction
	at java.base/java.util.concurrent.CompletableFuture.wrapInCompletionException(CompletableFuture.java:325)
	at java.base/java.util.concurrent.CompletableFuture.encodeThrowable(CompletableFuture.java:378)
	at java.base/java.util.concurrent.CompletableFuture.completeThrowable(CompletableFuture.java:393)
	at java.base/java.util.concurrent.CompletableFuture$UniAccept.tryFire(CompletableFuture.java:754)
	at java.base/java.util.concurrent.CompletableFuture.postComplete(CompletableFuture.java:556)
	at java.base/java.util.concurrent.CompletableFuture.completeExceptionally(CompletableFuture.java:2246)
	at scala.meta.internal.metals.CancelTokens$.$anonfun$future$1(CancelTokens.scala:40)
	at scala.meta.internal.metals.CancelTokens$.$anonfun$future$1$adapted(CancelTokens.scala:38)
	at scala.concurrent.impl.Promise$Transformation.run(Promise.scala:484)
	at java.base/java.util.concurrent.ThreadPoolExecutor.runWorker(ThreadPoolExecutor.java:1095)
	at java.base/java.util.concurrent.ThreadPoolExecutor$Worker.run(ThreadPoolExecutor.java:619)
	at java.base/java.lang.Thread.run(Thread.java:1447)
Caused by: java.util.NoSuchElementException: BatchedFunction
	at scala.meta.internal.metals.BatchedFunction.<init>(BatchedFunction.scala:96)
	at scala.meta.internal.metals.MetalsLspService.<init>(MetalsLspService.scala:237)
	at scala.meta.internal.metals.ProjectMetalsLspService.<init>(ProjectMetalsLspService.scala:79)
	at scala.meta.internal.metals.WorkspaceLspService.createService(WorkspaceLspService.scala:258)
	at scala.meta.internal.metals.WorkspaceLspService.$anonfun$workspaceFolders$1(WorkspaceLspService.scala:265)
	at scala.collection.immutable.List.map(List.scala:247)
	at scala.meta.internal.metals.WorkspaceFolders.initServices(WorkspaceFolders.scala:43)
	at scala.meta.internal.metals.WorkspaceFolders.<init>(WorkspaceFolders.scala:22)
	at scala.meta.internal.metals.WorkspaceLspService.<init>(WorkspaceLspService.scala:263)
	at scala.meta.metals.MetalsLanguageServer.createService(MetalsLanguageServer.scala:219)
	at scala.meta.metals.MetalsLanguageServer.initialize(MetalsLanguageServer.scala:160)
	at java.base/jdk.internal.reflect.DirectMethodHandleAccessor.invoke(DirectMethodHandleAccessor.java:104)
	at java.base/java.lang.reflect.Method.invoke(Method.java:565)
	at org.eclipse.lsp4j.jsonrpc.services.GenericEndpoint.lambda$recursiveFindRpcMethods$0(GenericEndpoint.java:65)
	at org.eclipse.lsp4j.jsonrpc.services.GenericEndpoint.request(GenericEndpoint.java:128)
	at org.eclipse.lsp4j.jsonrpc.RemoteEndpoint.handleRequest(RemoteEndpoint.java:271)
	at org.eclipse.lsp4j.jsonrpc.RemoteEndpoint.consume(RemoteEndpoint.java:201)
	at org.eclipse.lsp4j.jsonrpc.json.StreamMessageProducer.handleMessage(StreamMessageProducer.java:185)
	at org.eclipse.lsp4j.jsonrpc.json.StreamMessageProducer.listen(StreamMessageProducer.java:97)
	at org.eclipse.lsp4j.jsonrpc.json.ConcurrentMessageProcessor.run(ConcurrentMessageProcessor.java:114)
	at java.base/java.util.concurrent.Executors$RunnableAdapter.call(Executors.java:545)
	at java.base/java.util.concurrent.FutureTask.run(FutureTask.java:328)
	... 3 more

Aug 24, 2025 10:21:55 PM org.eclipse.lsp4j.jsonrpc.RemoteEndpoint fallbackResponseError
SEVERE: Internal error: java.util.NoSuchElementException: BatchedFunction
java.util.concurrent.CompletionException: java.util.NoSuchElementException: BatchedFunction
	at java.base/java.util.concurrent.CompletableFuture.wrapInCompletionException(CompletableFuture.java:325)
	at java.base/java.util.concurrent.CompletableFuture.encodeThrowable(CompletableFuture.java:378)
	at java.base/java.util.concurrent.CompletableFuture.uniAcceptNow(CompletableFuture.java:793)
	at java.base/java.util.concurrent.CompletableFuture.uniAcceptStage(CompletableFuture.java:781)
	at java.base/java.util.concurrent.CompletableFuture.thenAccept(CompletableFuture.java:2266)
	at org.eclipse.lsp4j.jsonrpc.RemoteEndpoint.handleRequest(RemoteEndpoint.java:288)
	at org.eclipse.lsp4j.jsonrpc.RemoteEndpoint.consume(RemoteEndpoint.java:201)
	at org.eclipse.lsp4j.jsonrpc.json.StreamMessageProducer.handleMessage(StreamMessageProducer.java:185)
	at org.eclipse.lsp4j.jsonrpc.json.StreamMessageProducer.listen(StreamMessageProducer.java:97)
	at org.eclipse.lsp4j.jsonrpc.json.ConcurrentMessageProcessor.run(ConcurrentMessageProcessor.java:114)
	at java.base/java.util.concurrent.Executors$RunnableAdapter.call(Executors.java:545)
	at java.base/java.util.concurrent.FutureTask.run(FutureTask.java:328)
	at java.base/java.util.concurrent.ThreadPoolExecutor.runWorker(ThreadPoolExecutor.java:1095)
	at java.base/java.util.concurrent.ThreadPoolExecutor$Worker.run(ThreadPoolExecutor.java:619)
	at java.base/java.lang.Thread.run(Thread.java:1447)
Caused by: java.util.NoSuchElementException: BatchedFunction
	at scala.meta.internal.metals.BatchedFunction.<init>(BatchedFunction.scala:96)
	at scala.meta.internal.metals.MetalsLspService.<init>(MetalsLspService.scala:237)
	at scala.meta.internal.metals.ProjectMetalsLspService.<init>(ProjectMetalsLspService.scala:79)
	at scala.meta.internal.metals.WorkspaceLspService.createService(WorkspaceLspService.scala:258)
	at scala.meta.internal.metals.WorkspaceLspService.$anonfun$workspaceFolders$1(WorkspaceLspService.scala:265)
	at scala.collection.immutable.List.map(List.scala:247)
	at scala.meta.internal.metals.WorkspaceFolders.initServices(WorkspaceFolders.scala:43)
	at scala.meta.internal.metals.WorkspaceFolders.<init>(WorkspaceFolders.scala:22)
	at scala.meta.internal.metals.WorkspaceLspService.<init>(WorkspaceLspService.scala:263)
	at scala.meta.metals.MetalsLanguageServer.createService(MetalsLanguageServer.scala:219)
	at scala.meta.metals.MetalsLanguageServer.initialize(MetalsLanguageServer.scala:160)
	at java.base/jdk.internal.reflect.DirectMethodHandleAccessor.invoke(DirectMethodHandleAccessor.java:104)
	at java.base/java.lang.reflect.Method.invoke(Method.java:565)
	at org.eclipse.lsp4j.jsonrpc.services.GenericEndpoint.lambda$recursiveFindRpcMethods$0(GenericEndpoint.java:65)
	at org.eclipse.lsp4j.jsonrpc.services.GenericEndpoint.request(GenericEndpoint.java:128)
	at org.eclipse.lsp4j.jsonrpc.RemoteEndpoint.handleRequest(RemoteEndpoint.java:271)
	... 9 more

2025.08.24 22:21:55 INFO  no build target found for c:\Users\thomas.pearson\Documents\SWE\complex-processes-2025-alexis-philip-thomas\hello.scala. Using presentation compiler with project's scala-library version: 3.3.6
Aug 24, 2025 10:21:55 PM org.eclipse.lsp4j.jsonrpc.RemoteEndpoint fallbackResponseError
SEVERE: Internal error: java.nio.file.NoSuchFileException: c:\Users\thomas.pearson\Documents\SWE\complex-processes-2025-alexis-philip-thomas\hello.scala
java.util.concurrent.CompletionException: java.nio.file.NoSuchFileException: c:\Users\thomas.pearson\Documents\SWE\complex-processes-2025-alexis-philip-thomas\hello.scala
	at java.base/java.util.concurrent.CompletableFuture.wrapInCompletionException(CompletableFuture.java:325)
	at java.base/java.util.concurrent.CompletableFuture.encodeThrowable(CompletableFuture.java:378)
	at java.base/java.util.concurrent.CompletableFuture.completeThrowable(CompletableFuture.java:393)
	at java.base/java.util.concurrent.CompletableFuture$UniAccept.tryFire(CompletableFuture.java:754)
	at java.base/java.util.concurrent.CompletableFuture.postComplete(CompletableFuture.java:556)
	at java.base/java.util.concurrent.CompletableFuture.completeExceptionally(CompletableFuture.java:2246)
	at scala.meta.internal.metals.CancelTokens$.$anonfun$future$1(CancelTokens.scala:40)
	at scala.meta.internal.metals.CancelTokens$.$anonfun$future$1$adapted(CancelTokens.scala:38)
	at scala.concurrent.impl.Promise$Transformation.run(Promise.scala:484)
	at java.base/java.util.concurrent.ThreadPoolExecutor.runWorker(ThreadPoolExecutor.java:1095)
	at java.base/java.util.concurrent.ThreadPoolExecutor$Worker.run(ThreadPoolExecutor.java:619)
	at java.base/java.lang.Thread.run(Thread.java:1447)
Caused by: java.nio.file.NoSuchFileException: c:\Users\thomas.pearson\Documents\SWE\complex-processes-2025-alexis-philip-thomas\hello.scala
	at java.base/sun.nio.fs.WindowsException.translateToIOException(WindowsException.java:85)
	at java.base/sun.nio.fs.WindowsException.rethrowAsIOException(WindowsException.java:103)
	at java.base/sun.nio.fs.WindowsException.rethrowAsIOException(WindowsException.java:108)
	at java.base/sun.nio.fs.WindowsFileSystemProvider.newByteChannel(WindowsFileSystemProvider.java:231)
	at java.base/java.nio.file.Files.newByteChannel(Files.java:357)
	at java.base/java.nio.file.Files.newByteChannel(Files.java:399)
	at java.base/java.nio.file.Files.readAllBytes(Files.java:2970)
	at scala.meta.internal.io.PlatformFileIO$.slurp(PlatformFileIO.scala:42)
	at scala.meta.internal.io.FileIO$.slurp(FileIO.scala:18)
	at scala.meta.internal.mtags.ScalametaCommonEnrichments$XtensionAbsolutePath.toInput(ScalametaCommonEnrichments.scala:466)
	at scala.meta.internal.metals.MetalsEnrichments$XtensionAbsolutePathBuffers.toInputFromBuffers(MetalsEnrichments.scala:632)
	at scala.meta.internal.metals.SourceMapper.input$1(SourceMapper.scala:30)
	at scala.meta.internal.metals.SourceMapper.$anonfun$pcMapping$2(SourceMapper.scala:35)
	at scala.Option.getOrElse(Option.scala:201)
	at scala.meta.internal.metals.SourceMapper.default$1(SourceMapper.scala:35)
	at scala.meta.internal.metals.SourceMapper.$anonfun$pcMapping$5(SourceMapper.scala:52)
	at scala.Option.getOrElse(Option.scala:201)
	at scala.meta.internal.metals.SourceMapper.pcMapping(SourceMapper.scala:52)
	at scala.meta.internal.metals.Compilers.sourceAdjustments(Compilers.scala:1570)
	at scala.meta.internal.metals.Compilers.$anonfun$semanticTokens$2(Compilers.scala:474)
	at scala.Option.map(Option.scala:242)
	at scala.meta.internal.metals.Compilers.semanticTokens(Compilers.scala:470)
	at scala.meta.internal.metals.MetalsLspService.$anonfun$semanticTokensFull$2(MetalsLspService.scala:1119)
	at scala.concurrent.impl.Promise$Transformation.run(Promise.scala:470)
	... 3 more

2025.08.24 22:22:01 INFO  no build target found for c:\Users\thomas.pearson\Documents\SWE\complex-processes-2025-alexis-philip-thomas\hello.scala. Using presentation compiler with project's scala-library version: 3.3.6
Aug 24, 2025 10:22:02 PM org.eclipse.lsp4j.jsonrpc.RemoteEndpoint fallbackResponseError
SEVERE: Internal error: An unexpected exception occurred while executing jsonrpc method public abstract java.util.concurrent.CompletableFuture scala.meta.metals.lsp.TextDocumentService.documentHighlights(org.eclipse.lsp4j.TextDocumentPositionParams)
java.lang.IllegalStateException: An unexpected exception occurred while executing jsonrpc method public abstract java.util.concurrent.CompletableFuture scala.meta.metals.lsp.TextDocumentService.documentHighlights(org.eclipse.lsp4j.TextDocumentPositionParams)
	at org.eclipse.lsp4j.jsonrpc.services.GenericEndpoint.lambda$recursiveFindRpcMethods$0(GenericEndpoint.java:73)
	at org.eclipse.lsp4j.jsonrpc.services.GenericEndpoint.request(GenericEndpoint.java:128)
	at org.eclipse.lsp4j.jsonrpc.RemoteEndpoint.handleRequest(RemoteEndpoint.java:271)
	at org.eclipse.lsp4j.jsonrpc.RemoteEndpoint.consume(RemoteEndpoint.java:201)
	at org.eclipse.lsp4j.jsonrpc.json.StreamMessageProducer.handleMessage(StreamMessageProducer.java:185)
	at org.eclipse.lsp4j.jsonrpc.json.StreamMessageProducer.listen(StreamMessageProducer.java:97)
	at org.eclipse.lsp4j.jsonrpc.json.ConcurrentMessageProcessor.run(ConcurrentMessageProcessor.java:114)
	at java.base/java.util.concurrent.Executors$RunnableAdapter.call(Executors.java:545)
	at java.base/java.util.concurrent.FutureTask.run(FutureTask.java:328)
	at java.base/java.util.concurrent.ThreadPoolExecutor.runWorker(ThreadPoolExecutor.java:1095)
	at java.base/java.util.concurrent.ThreadPoolExecutor$Worker.run(ThreadPoolExecutor.java:619)
	at java.base/java.lang.Thread.run(Thread.java:1447)
Caused by: java.nio.file.NoSuchFileException: c:\Users\thomas.pearson\Documents\SWE\complex-processes-2025-alexis-philip-thomas\hello.scala
	at java.base/sun.nio.fs.WindowsException.translateToIOException(WindowsException.java:85)
	at java.base/sun.nio.fs.WindowsException.rethrowAsIOException(WindowsException.java:103)
	at java.base/sun.nio.fs.WindowsException.rethrowAsIOException(WindowsException.java:108)
	at java.base/sun.nio.fs.WindowsFileSystemProvider.newByteChannel(WindowsFileSystemProvider.java:231)
	at java.base/java.nio.file.Files.newByteChannel(Files.java:357)
	at java.base/java.nio.file.Files.newByteChannel(Files.java:399)
	at java.base/java.nio.file.Files.readAllBytes(Files.java:2970)
	at scala.meta.internal.io.PlatformFileIO$.slurp(PlatformFileIO.scala:42)
	at scala.meta.internal.io.FileIO$.slurp(FileIO.scala:18)
	at scala.meta.internal.mtags.ScalametaCommonEnrichments$XtensionAbsolutePath.toInput(ScalametaCommonEnrichments.scala:466)
	at scala.meta.internal.metals.MetalsEnrichments$XtensionAbsolutePathBuffers.toInputFromBuffers(MetalsEnrichments.scala:632)
	at scala.meta.internal.metals.SourceMapper.input$1(SourceMapper.scala:30)
	at scala.meta.internal.metals.SourceMapper.$anonfun$pcMapping$2(SourceMapper.scala:35)
	at scala.Option.getOrElse(Option.scala:201)
	at scala.meta.internal.metals.SourceMapper.default$1(SourceMapper.scala:35)
	at scala.meta.internal.metals.SourceMapper.$anonfun$pcMapping$5(SourceMapper.scala:52)
	at scala.Option.getOrElse(Option.scala:201)
	at scala.meta.internal.metals.SourceMapper.pcMapping(SourceMapper.scala:52)
	at scala.meta.internal.metals.Compilers.sourceAdjustments(Compilers.scala:1570)
	at scala.meta.internal.metals.Compilers.sourceAdjustments(Compilers.scala:1532)
	at scala.meta.internal.metals.Compilers.$anonfun$withPCAndAdjustLsp$3(Compilers.scala:1432)
	at scala.Option.flatMap(Option.scala:283)
	at scala.meta.internal.metals.Compilers.withPCAndAdjustLsp(Compilers.scala:1428)
	at scala.meta.internal.metals.Compilers.documentHighlight(Compilers.scala:811)
	at scala.meta.internal.metals.MetalsLspService.$anonfun$documentHighlights$2(MetalsLspService.scala:998)
	at scala.meta.internal.metals.CancelTokens$.future(CancelTokens.scala:38)
	at scala.meta.internal.metals.MetalsLspService.documentHighlights(MetalsLspService.scala:997)
	at scala.meta.internal.metals.WorkspaceLspService.documentHighlights(WorkspaceLspService.scala:534)
	at scala.meta.metals.lsp.DelegatingScalaService.documentHighlights(DelegatingScalaService.scala:83)
	at java.base/jdk.internal.reflect.DirectMethodHandleAccessor.invoke(DirectMethodHandleAccessor.java:104)
	at java.base/java.lang.reflect.Method.invoke(Method.java:565)
	at org.eclipse.lsp4j.jsonrpc.services.GenericEndpoint.lambda$recursiveFindRpcMethods$0(GenericEndpoint.java:65)
	... 11 more

2025.08.24 22:22:23 INFO  no build target found for c:\Users\thomas.pearson\Documents\SWE\complex-processes-2025-alexis-philip-thomas\hello.scala. Using presentation compiler with project's scala-library version: 3.3.6
Aug 24, 2025 10:22:23 PM org.eclipse.lsp4j.jsonrpc.RemoteEndpoint fallbackResponseError
SEVERE: Internal error: An unexpected exception occurred while executing jsonrpc method public abstract java.util.concurrent.CompletableFuture scala.meta.metals.lsp.TextDocumentService.documentHighlights(org.eclipse.lsp4j.TextDocumentPositionParams)
java.lang.IllegalStateException: An unexpected exception occurred while executing jsonrpc method public abstract java.util.concurrent.CompletableFuture scala.meta.metals.lsp.TextDocumentService.documentHighlights(org.eclipse.lsp4j.TextDocumentPositionParams)
	at org.eclipse.lsp4j.jsonrpc.services.GenericEndpoint.lambda$recursiveFindRpcMethods$0(GenericEndpoint.java:73)
	at org.eclipse.lsp4j.jsonrpc.services.GenericEndpoint.request(GenericEndpoint.java:128)
	at org.eclipse.lsp4j.jsonrpc.RemoteEndpoint.handleRequest(RemoteEndpoint.java:271)
	at org.eclipse.lsp4j.jsonrpc.RemoteEndpoint.consume(RemoteEndpoint.java:201)
	at org.eclipse.lsp4j.jsonrpc.json.StreamMessageProducer.handleMessage(StreamMessageProducer.java:185)
	at org.eclipse.lsp4j.jsonrpc.json.StreamMessageProducer.listen(StreamMessageProducer.java:97)
	at org.eclipse.lsp4j.jsonrpc.json.ConcurrentMessageProcessor.run(ConcurrentMessageProcessor.java:114)
	at java.base/java.util.concurrent.Executors$RunnableAdapter.call(Executors.java:545)
	at java.base/java.util.concurrent.FutureTask.run(FutureTask.java:328)
	at java.base/java.util.concurrent.ThreadPoolExecutor.runWorker(ThreadPoolExecutor.java:1095)
	at java.base/java.util.concurrent.ThreadPoolExecutor$Worker.run(ThreadPoolExecutor.java:619)
	at java.base/java.lang.Thread.run(Thread.java:1447)
Caused by: java.nio.file.NoSuchFileException: c:\Users\thomas.pearson\Documents\SWE\complex-processes-2025-alexis-philip-thomas\hello.scala
	at java.base/sun.nio.fs.WindowsException.translateToIOException(WindowsException.java:85)
	at java.base/sun.nio.fs.WindowsException.rethrowAsIOException(WindowsException.java:103)
	at java.base/sun.nio.fs.WindowsException.rethrowAsIOException(WindowsException.java:108)
	at java.base/sun.nio.fs.WindowsFileSystemProvider.newByteChannel(WindowsFileSystemProvider.java:231)
	at java.base/java.nio.file.Files.newByteChannel(Files.java:357)
	at java.base/java.nio.file.Files.newByteChannel(Files.java:399)
	at java.base/java.nio.file.Files.readAllBytes(Files.java:2970)
	at scala.meta.internal.io.PlatformFileIO$.slurp(PlatformFileIO.scala:42)
	at scala.meta.internal.io.FileIO$.slurp(FileIO.scala:18)
	at scala.meta.internal.mtags.ScalametaCommonEnrichments$XtensionAbsolutePath.toInput(ScalametaCommonEnrichments.scala:466)
	at scala.meta.internal.metals.MetalsEnrichments$XtensionAbsolutePathBuffers.toInputFromBuffers(MetalsEnrichments.scala:632)
	at scala.meta.internal.metals.SourceMapper.input$1(SourceMapper.scala:30)
	at scala.meta.internal.metals.SourceMapper.$anonfun$pcMapping$2(SourceMapper.scala:35)
	at scala.Option.getOrElse(Option.scala:201)
	at scala.meta.internal.metals.SourceMapper.default$1(SourceMapper.scala:35)
	at scala.meta.internal.metals.SourceMapper.$anonfun$pcMapping$5(SourceMapper.scala:52)
	at scala.Option.getOrElse(Option.scala:201)
	at scala.meta.internal.metals.SourceMapper.pcMapping(SourceMapper.scala:52)
	at scala.meta.internal.metals.Compilers.sourceAdjustments(Compilers.scala:1570)
	at scala.meta.internal.metals.Compilers.sourceAdjustments(Compilers.scala:1532)
	at scala.meta.internal.metals.Compilers.$anonfun$withPCAndAdjustLsp$3(Compilers.scala:1432)
	at scala.Option.flatMap(Option.scala:283)
	at scala.meta.internal.metals.Compilers.withPCAndAdjustLsp(Compilers.scala:1428)
	at scala.meta.internal.metals.Compilers.documentHighlight(Compilers.scala:811)
	at scala.meta.internal.metals.MetalsLspService.$anonfun$documentHighlights$2(MetalsLspService.scala:998)
	at scala.meta.internal.metals.CancelTokens$.future(CancelTokens.scala:38)
	at scala.meta.internal.metals.MetalsLspService.documentHighlights(MetalsLspService.scala:997)
	at scala.meta.internal.metals.WorkspaceLspService.documentHighlights(WorkspaceLspService.scala:534)
	at scala.meta.metals.lsp.DelegatingScalaService.documentHighlights(DelegatingScalaService.scala:83)
	at java.base/jdk.internal.reflect.DirectMethodHandleAccessor.invoke(DirectMethodHandleAccessor.java:104)
	at java.base/java.lang.reflect.Method.invoke(Method.java:565)
	at org.eclipse.lsp4j.jsonrpc.services.GenericEndpoint.lambda$recursiveFindRpcMethods$0(GenericEndpoint.java:65)
	... 11 more

2025.08.24 22:22:23 INFO  no build target found for c:\Users\thomas.pearson\Documents\SWE\complex-processes-2025-alexis-philip-thomas\hello.scala. Using presentation compiler with project's scala-library version: 3.3.6
Aug 24, 2025 10:22:24 PM org.eclipse.lsp4j.jsonrpc.RemoteEndpoint fallbackResponseError
SEVERE: Internal error: An unexpected exception occurred while executing jsonrpc method public abstract java.util.concurrent.CompletableFuture scala.meta.metals.lsp.TextDocumentService.hover(scala.meta.internal.metals.HoverExtParams)
java.lang.IllegalStateException: An unexpected exception occurred while executing jsonrpc method public abstract java.util.concurrent.CompletableFuture scala.meta.metals.lsp.TextDocumentService.hover(scala.meta.internal.metals.HoverExtParams)
	at org.eclipse.lsp4j.jsonrpc.services.GenericEndpoint.lambda$recursiveFindRpcMethods$0(GenericEndpoint.java:73)
	at org.eclipse.lsp4j.jsonrpc.services.GenericEndpoint.request(GenericEndpoint.java:128)
	at org.eclipse.lsp4j.jsonrpc.RemoteEndpoint.handleRequest(RemoteEndpoint.java:271)
	at org.eclipse.lsp4j.jsonrpc.RemoteEndpoint.consume(RemoteEndpoint.java:201)
	at org.eclipse.lsp4j.jsonrpc.json.StreamMessageProducer.handleMessage(StreamMessageProducer.java:185)
	at org.eclipse.lsp4j.jsonrpc.json.StreamMessageProducer.listen(StreamMessageProducer.java:97)
	at org.eclipse.lsp4j.jsonrpc.json.ConcurrentMessageProcessor.run(ConcurrentMessageProcessor.java:114)
	at java.base/java.util.concurrent.Executors$RunnableAdapter.call(Executors.java:545)
	at java.base/java.util.concurrent.FutureTask.run(FutureTask.java:328)
	at java.base/java.util.concurrent.ThreadPoolExecutor.runWorker(ThreadPoolExecutor.java:1095)
	at java.base/java.util.concurrent.ThreadPoolExecutor$Worker.run(ThreadPoolExecutor.java:619)
	at java.base/java.lang.Thread.run(Thread.java:1447)
Caused by: java.nio.file.NoSuchFileException: c:\Users\thomas.pearson\Documents\SWE\complex-processes-2025-alexis-philip-thomas\hello.scala
	at java.base/sun.nio.fs.WindowsException.translateToIOException(WindowsException.java:85)
	at java.base/sun.nio.fs.WindowsException.rethrowAsIOException(WindowsException.java:103)
	at java.base/sun.nio.fs.WindowsException.rethrowAsIOException(WindowsException.java:108)
	at java.base/sun.nio.fs.WindowsFileSystemProvider.newByteChannel(WindowsFileSystemProvider.java:231)
	at java.base/java.nio.file.Files.newByteChannel(Files.java:357)
	at java.base/java.nio.file.Files.newByteChannel(Files.java:399)
	at java.base/java.nio.file.Files.readAllBytes(Files.java:2970)
	at scala.meta.internal.io.PlatformFileIO$.slurp(PlatformFileIO.scala:42)
	at scala.meta.internal.io.FileIO$.slurp(FileIO.scala:18)
	at scala.meta.internal.mtags.ScalametaCommonEnrichments$XtensionAbsolutePath.toInput(ScalametaCommonEnrichments.scala:466)
	at scala.meta.internal.metals.MetalsEnrichments$XtensionAbsolutePathBuffers.toInputFromBuffers(MetalsEnrichments.scala:632)
	at scala.meta.internal.metals.SourceMapper.input$1(SourceMapper.scala:30)
	at scala.meta.internal.metals.SourceMapper.$anonfun$pcMapping$2(SourceMapper.scala:35)
	at scala.Option.getOrElse(Option.scala:201)
	at scala.meta.internal.metals.SourceMapper.default$1(SourceMapper.scala:35)
	at scala.meta.internal.metals.SourceMapper.$anonfun$pcMapping$5(SourceMapper.scala:52)
	at scala.Option.getOrElse(Option.scala:201)
	at scala.meta.internal.metals.SourceMapper.pcMapping(SourceMapper.scala:52)
	at scala.meta.internal.metals.Compilers.sourceAdjustments(Compilers.scala:1570)
	at scala.meta.internal.metals.Compilers.sourceAdjustments(Compilers.scala:1532)
	at scala.meta.internal.metals.Compilers.$anonfun$withPCAndAdjustLsp$10(Compilers.scala:1519)
	at scala.Option.flatMap(Option.scala:283)
	at scala.meta.internal.metals.Compilers.withPCAndAdjustLsp(Compilers.scala:1503)
	at scala.meta.internal.metals.Compilers.hover(Compilers.scala:1030)
	at scala.meta.internal.metals.MetalsLspService.$anonfun$hover$1(MetalsLspService.scala:961)
	at scala.meta.internal.metals.CancelTokens$.future(CancelTokens.scala:38)
	at scala.meta.internal.metals.MetalsLspService.hover(MetalsLspService.scala:959)
	at scala.meta.internal.metals.WorkspaceLspService.hover(WorkspaceLspService.scala:517)
	at scala.meta.metals.lsp.DelegatingScalaService.hover(DelegatingScalaService.scala:78)
	at java.base/jdk.internal.reflect.DirectMethodHandleAccessor.invoke(DirectMethodHandleAccessor.java:104)
	at java.base/java.lang.reflect.Method.invoke(Method.java:565)
	at org.eclipse.lsp4j.jsonrpc.services.GenericEndpoint.lambda$recursiveFindRpcMethods$0(GenericEndpoint.java:65)
	... 11 more

Aug 24, 2025 10:22:25 PM org.eclipse.lsp4j.jsonrpc.services.GenericEndpoint notify
INFO: Unsupported notification method: $/setTrace
2025.08.24 22:22:58 INFO  no build target found for c:\Users\thomas.pearson\Documents\SWE\complex-processes-2025-alexis-philip-thomas\hello.scala. Using presentation compiler with project's scala-library version: 3.3.6
Aug 24, 2025 10:22:58 PM org.eclipse.lsp4j.jsonrpc.RemoteEndpoint fallbackResponseError
SEVERE: Internal error: An unexpected exception occurred while executing jsonrpc method public abstract java.util.concurrent.CompletableFuture scala.meta.metals.lsp.TextDocumentService.hover(scala.meta.internal.metals.HoverExtParams)
java.lang.IllegalStateException: An unexpected exception occurred while executing jsonrpc method public abstract java.util.concurrent.CompletableFuture scala.meta.metals.lsp.TextDocumentService.hover(scala.meta.internal.metals.HoverExtParams)
	at org.eclipse.lsp4j.jsonrpc.services.GenericEndpoint.lambda$recursiveFindRpcMethods$0(GenericEndpoint.java:73)
	at org.eclipse.lsp4j.jsonrpc.services.GenericEndpoint.request(GenericEndpoint.java:128)
	at org.eclipse.lsp4j.jsonrpc.RemoteEndpoint.handleRequest(RemoteEndpoint.java:271)
	at org.eclipse.lsp4j.jsonrpc.RemoteEndpoint.consume(RemoteEndpoint.java:201)
	at org.eclipse.lsp4j.jsonrpc.json.StreamMessageProducer.handleMessage(StreamMessageProducer.java:185)
	at org.eclipse.lsp4j.jsonrpc.json.StreamMessageProducer.listen(StreamMessageProducer.java:97)
	at org.eclipse.lsp4j.jsonrpc.json.ConcurrentMessageProcessor.run(ConcurrentMessageProcessor.java:114)
	at java.base/java.util.concurrent.Executors$RunnableAdapter.call(Executors.java:545)
	at java.base/java.util.concurrent.FutureTask.run(FutureTask.java:328)
	at java.base/java.util.concurrent.ThreadPoolExecutor.runWorker(ThreadPoolExecutor.java:1095)
	at java.base/java.util.concurrent.ThreadPoolExecutor$Worker.run(ThreadPoolExecutor.java:619)
	at java.base/java.lang.Thread.run(Thread.java:1447)
Caused by: java.nio.file.NoSuchFileException: c:\Users\thomas.pearson\Documents\SWE\complex-processes-2025-alexis-philip-thomas\hello.scala
	at java.base/sun.nio.fs.WindowsException.translateToIOException(WindowsException.java:85)
	at java.base/sun.nio.fs.WindowsException.rethrowAsIOException(WindowsException.java:103)
	at java.base/sun.nio.fs.WindowsException.rethrowAsIOException(WindowsException.java:108)
	at java.base/sun.nio.fs.WindowsFileSystemProvider.newByteChannel(WindowsFileSystemProvider.java:231)
	at java.base/java.nio.file.Files.newByteChannel(Files.java:357)
	at java.base/java.nio.file.Files.newByteChannel(Files.java:399)
	at java.base/java.nio.file.Files.readAllBytes(Files.java:2970)
	at scala.meta.internal.io.PlatformFileIO$.slurp(PlatformFileIO.scala:42)
	at scala.meta.internal.io.FileIO$.slurp(FileIO.scala:18)
	at scala.meta.internal.mtags.ScalametaCommonEnrichments$XtensionAbsolutePath.toInput(ScalametaCommonEnrichments.scala:466)
	at scala.meta.internal.metals.MetalsEnrichments$XtensionAbsolutePathBuffers.toInputFromBuffers(MetalsEnrichments.scala:632)
	at scala.meta.internal.metals.SourceMapper.input$1(SourceMapper.scala:30)
	at scala.meta.internal.metals.SourceMapper.$anonfun$pcMapping$2(SourceMapper.scala:35)
	at scala.Option.getOrElse(Option.scala:201)
	at scala.meta.internal.metals.SourceMapper.default$1(SourceMapper.scala:35)
	at scala.meta.internal.metals.SourceMapper.$anonfun$pcMapping$5(SourceMapper.scala:52)
	at scala.Option.getOrElse(Option.scala:201)
	at scala.meta.internal.metals.SourceMapper.pcMapping(SourceMapper.scala:52)
	at scala.meta.internal.metals.Compilers.sourceAdjustments(Compilers.scala:1570)
	at scala.meta.internal.metals.Compilers.sourceAdjustments(Compilers.scala:1532)
	at scala.meta.internal.metals.Compilers.$anonfun$withPCAndAdjustLsp$10(Compilers.scala:1519)
	at scala.Option.flatMap(Option.scala:283)
	at scala.meta.internal.metals.Compilers.withPCAndAdjustLsp(Compilers.scala:1503)
	at scala.meta.internal.metals.Compilers.hover(Compilers.scala:1030)
	at scala.meta.internal.metals.MetalsLspService.$anonfun$hover$1(MetalsLspService.scala:961)
	at scala.meta.internal.metals.CancelTokens$.future(CancelTokens.scala:38)
	at scala.meta.internal.metals.MetalsLspService.hover(MetalsLspService.scala:959)
	at scala.meta.internal.metals.WorkspaceLspService.hover(WorkspaceLspService.scala:517)
	at scala.meta.metals.lsp.DelegatingScalaService.hover(DelegatingScalaService.scala:78)
	at java.base/jdk.internal.reflect.DirectMethodHandleAccessor.invoke(DirectMethodHandleAccessor.java:104)
	at java.base/java.lang.reflect.Method.invoke(Method.java:565)
	at org.eclipse.lsp4j.jsonrpc.services.GenericEndpoint.lambda$recursiveFindRpcMethods$0(GenericEndpoint.java:65)
	... 11 more

2025.08.24 22:23:53 INFO  no build target found for C:\Users\thomas.pearson\Documents\SWE\complex-processes-2025-alexis-philip-thomas\hello.scala. Using presentation compiler with project's scala-library version: 3.3.6
2025.08.24 22:23:53 INFO  no build target found for C:\Users\thomas.pearson\Documents\SWE\complex-processes-2025-alexis-philip-thomas\hello.scala. Using presentation compiler with project's scala-library version: 3.3.6
2025.08.24 22:23:55 INFO  no build target found for C:\Users\thomas.pearson\Documents\SWE\complex-processes-2025-alexis-philip-thomas\hello.scala. Using presentation compiler with project's scala-library version: 3.3.6
2025.08.24 22:23:57 INFO  no build target found for C:\Users\thomas.pearson\Documents\SWE\complex-processes-2025-alexis-philip-thomas\hello.scala. Using presentation compiler with project's scala-library version: 3.3.6
2025.08.24 22:23:58 INFO  no build target found for C:\Users\thomas.pearson\Documents\SWE\complex-processes-2025-alexis-philip-thomas\hello.scala. Using presentation compiler with project's scala-library version: 3.3.6
2025.08.24 22:24:00 INFO  time: code lens generation in 2.08s
2025.08.24 22:24:41 INFO  no build target found for C:\Users\thomas.pearson\Documents\SWE\complex-processes-2025-alexis-philip-thomas\src\main\scala\GUI.scala. Using presentation compiler with project's scala-library version: 3.3.6
2025.08.24 22:24:41 INFO  no build target found for C:\Users\thomas.pearson\Documents\SWE\complex-processes-2025-alexis-philip-thomas\src\main\scala\GUI.scala. Using presentation compiler with project's scala-library version: 3.3.6
2025.08.24 22:24:41 WARN  no build target for: C:\Users\thomas.pearson\Documents\SWE\complex-processes-2025-alexis-philip-thomas\src\main\scala\GUI.scala
2025.08.24 22:24:41 INFO  no build target found for C:\Users\thomas.pearson\Documents\SWE\complex-processes-2025-alexis-philip-thomas\src\main\scala\GUI.scala. Using presentation compiler with project's scala-library version: 3.3.6
2025.08.24 22:24:42 INFO  no build target found for C:\Users\thomas.pearson\Documents\SWE\complex-processes-2025-alexis-philip-thomas\src\main\scala\GUI.scala. Using presentation compiler with project's scala-library version: 3.3.6
2025.08.24 22:24:44 INFO  no build target found for C:\Users\thomas.pearson\Documents\SWE\complex-processes-2025-alexis-philip-thomas\src\main\scala\GUI.scala. Using presentation compiler with project's scala-library version: 3.3.6
2025.08.24 22:24:44 INFO  no build target found for C:\Users\thomas.pearson\Documents\SWE\complex-processes-2025-alexis-philip-thomas\hello.scala. Using presentation compiler with project's scala-library version: 3.3.6
2025.08.24 22:24:44 WARN  no build target for: C:\Users\thomas.pearson\Documents\SWE\complex-processes-2025-alexis-philip-thomas\hello.scala
2025.08.24 22:24:44 INFO  no build target found for C:\Users\thomas.pearson\Documents\SWE\complex-processes-2025-alexis-philip-thomas\hello.scala. Using presentation compiler with project's scala-library version: 3.3.6
2025.08.24 22:24:44 INFO  no build target found for C:\Users\thomas.pearson\Documents\SWE\complex-processes-2025-alexis-philip-thomas\hello.scala. Using presentation compiler with project's scala-library version: 3.3.6
2025.08.24 22:24:46 INFO  no build target found for C:\Users\thomas.pearson\Documents\SWE\complex-processes-2025-alexis-philip-thomas\hello.scala. Using presentation compiler with project's scala-library version: 3.3.6
2025.08.24 22:24:46 INFO  no build target found for C:\Users\thomas.pearson\Documents\SWE\complex-processes-2025-alexis-philip-thomas\hello.scala. Using presentation compiler with project's scala-library version: 3.3.6
2025.08.24 22:24:47 INFO  no build target found for C:\Users\thomas.pearson\Documents\SWE\complex-processes-2025-alexis-philip-thomas\hello.scala. Using presentation compiler with project's scala-library version: 3.3.6
2025.08.24 22:24:59 INFO  no build target found for C:\Users\thomas.pearson\Documents\SWE\complex-processes-2025-alexis-philip-thomas\src\main\scala\GUI.scala. Using presentation compiler with project's scala-library version: 3.3.6
2025.08.24 22:25:05 INFO  no build target found for C:\Users\thomas.pearson\Documents\SWE\complex-processes-2025-alexis-philip-thomas\hello.scala. Using presentation compiler with project's scala-library version: 3.3.6
2025.08.24 22:25:05 WARN  no build target for: C:\Users\thomas.pearson\Documents\SWE\complex-processes-2025-alexis-philip-thomas\hello.scala
2025.08.24 22:25:05 INFO  no build target found for C:\Users\thomas.pearson\Documents\SWE\complex-processes-2025-alexis-philip-thomas\hello.scala. Using presentation compiler with project's scala-library version: 3.3.6
2025.08.24 22:25:05 INFO  no build target found for C:\Users\thomas.pearson\Documents\SWE\complex-processes-2025-alexis-philip-thomas\hello.scala. Using presentation compiler with project's scala-library version: 3.3.6
2025.08.24 22:25:05 INFO  no build target found for C:\Users\thomas.pearson\Documents\SWE\complex-processes-2025-alexis-philip-thomas\hello.scala. Using presentation compiler with project's scala-library version: 3.3.6
2025.08.24 22:25:05 INFO  no build target found for C:\Users\thomas.pearson\Documents\SWE\complex-processes-2025-alexis-philip-thomas\hello.scala. Using presentation compiler with project's scala-library version: 3.3.6
